{"obj": {"type": "AssignString", "path": ["sys", "name"], "value": "tester"}, "version": 1}
{"obj": {"type": "AssignString", "path": ["sys", "description"], "value": ""}, "version": 2}
{"obj": {"type": "AssignString", "path": ["sys", "hostname"], "value": "linux-cell2"}, "version": 3}
{"obj": {"type": "AssignBool", "path": ["sys", "failed"], "value": false}, "version": 4}
{"obj": {"type": "ClearStringLog", "path": ["monitoring", "stdout"]}, "version": 5}
{"obj": {"type": "ClearStringLog", "path": ["monitoring", "stderr"]}, "version": 6}
{"obj": {"type": "ConfigFloatSeries", "path": ["monitoring", "cpu"], "min": 0.0, "max": 100.0, "unit": "%"}, "version": 7}
{"obj": {"type": "ClearFloatLog", "path": ["monitoring", "cpu"]}, "version": 8}
{"obj": {"type": "ConfigFloatSeries", "path": ["monitoring", "memory"], "min": 0.0, "max": 31.261714935302734, "unit": "GB"}, "version": 9}
{"obj": {"type": "ClearFloatLog", "path": ["monitoring", "memory"]}, "version": 10}
{"obj": {"type": "LogFloats", "path": ["monitoring", "cpu"], "values": [{"value": 10.0, "step": null, "ts": 1644690139.3976903}]}, "version": 11}
{"obj": {"type": "LogFloats", "path": ["monitoring", "memory"], "values": [{"value": 6.184478759765625, "step": null, "ts": 1644690139.3976903}]}, "version": 12}
{"obj": {"type": "LogStrings", "path": ["monitoring", "stdout"], "values": [{"value": "", "step": null, "ts": 1644690139.4027417}]}, "version": 13}
{"obj": {"type": "LogStrings", "path": ["monitoring", "stdout"], "values": [{"value": "Remember to stop your run once you\u2019ve finished logging your metadata (https://docs.neptune.ai/api-reference/run#.stop). It will be stopped automatically only when the notebook kernel/interactive console is terminated.\n", "step": null, "ts": 1644690139.4032204}]}, "version": 14}
{"obj": {"type": "AssignString", "path": ["source_code", "integrations", "pytorch-lightning"], "value": "1.5.9"}, "version": 15}
{"obj": {"type": "AssignString", "path": ["training", "hyperparams", "model"], "value": "None"}, "version": 16}
{"obj": {"type": "AssignFloat", "path": ["training", "hyperparams", "lr"], "value": 0.001}, "version": 17}
{"obj": {"type": "AssignFloat", "path": ["training", "hyperparams", "iou_threshold"], "value": 0.5}, "version": 18}
{"obj": {"type": "LogFloats", "path": ["training", "lr-SGD"], "values": [{"value": 0.001, "step": null, "ts": 1644690140.5599847}]}, "version": 19}
{"obj": {"type": "LogFloats", "path": ["training", "loss_classifier"], "values": [{"value": 0.6922382712364197, "step": null, "ts": 1644690147.0561018}]}, "version": 20}
{"obj": {"type": "LogFloats", "path": ["training", "loss_box_reg"], "values": [{"value": 0.03214787691831589, "step": null, "ts": 1644690147.0562477}]}, "version": 21}
{"obj": {"type": "LogFloats", "path": ["training", "loss_objectness"], "values": [{"value": 0.7012863159179688, "step": null, "ts": 1644690147.056339}]}, "version": 22}
{"obj": {"type": "LogFloats", "path": ["training", "loss_rpn_box_reg"], "values": [{"value": 0.037957485765218735, "step": null, "ts": 1644690147.0564268}]}, "version": 23}
{"obj": {"type": "LogFloats", "path": ["training", "epoch"], "values": [{"value": 0.0, "step": null, "ts": 1644690147.0565162}]}, "version": 24}
{"obj": {"type": "LogFloats", "path": ["training", "lr-SGD"], "values": [{"value": 0.001, "step": null, "ts": 1644690147.1163797}]}, "version": 25}
{"obj": {"type": "LogFloats", "path": ["monitoring", "cpu"], "values": [{"value": 53.5, "step": null, "ts": 1644690149.4028459}]}, "version": 26}
{"obj": {"type": "LogFloats", "path": ["monitoring", "memory"], "values": [{"value": 7.896049499511719, "step": null, "ts": 1644690149.4028459}]}, "version": 27}
{"obj": {"type": "LogFloats", "path": ["training", "loss_classifier"], "values": [{"value": 0.5222870111465454, "step": null, "ts": 1644690155.1425645}]}, "version": 28}
{"obj": {"type": "LogFloats", "path": ["training", "loss_box_reg"], "values": [{"value": 0.04070459306240082, "step": null, "ts": 1644690155.142745}]}, "version": 29}
{"obj": {"type": "LogFloats", "path": ["training", "loss_objectness"], "values": [{"value": 0.687157928943634, "step": null, "ts": 1644690155.1428788}]}, "version": 30}
{"obj": {"type": "LogFloats", "path": ["training", "loss_rpn_box_reg"], "values": [{"value": 0.027772609144449234, "step": null, "ts": 1644690155.1429706}]}, "version": 31}
{"obj": {"type": "LogFloats", "path": ["training", "epoch"], "values": [{"value": 0.0, "step": null, "ts": 1644690155.1430526}]}, "version": 32}
{"obj": {"type": "LogFloats", "path": ["training", "lr-SGD"], "values": [{"value": 0.001, "step": null, "ts": 1644690155.1766055}]}, "version": 33}
{"obj": {"type": "LogFloats", "path": ["monitoring", "cpu"], "values": [{"value": 20.2, "step": null, "ts": 1644690159.404086}]}, "version": 34}
{"obj": {"type": "LogFloats", "path": ["monitoring", "memory"], "values": [{"value": 7.624034881591797, "step": null, "ts": 1644690159.404086}]}, "version": 35}
{"obj": {"type": "LogFloats", "path": ["training", "loss_classifier"], "values": [{"value": 0.3325191140174866, "step": null, "ts": 1644690161.7852638}]}, "version": 36}
{"obj": {"type": "LogFloats", "path": ["training", "loss_box_reg"], "values": [{"value": 0.021074648946523666, "step": null, "ts": 1644690161.7854202}]}, "version": 37}
{"obj": {"type": "LogFloats", "path": ["training", "loss_objectness"], "values": [{"value": 0.6804956793785095, "step": null, "ts": 1644690161.7855167}]}, "version": 38}
{"obj": {"type": "LogFloats", "path": ["training", "loss_rpn_box_reg"], "values": [{"value": 0.031007682904601097, "step": null, "ts": 1644690161.7856}]}, "version": 39}
{"obj": {"type": "LogFloats", "path": ["training", "epoch"], "values": [{"value": 0.0, "step": null, "ts": 1644690161.7856786}]}, "version": 40}
{"obj": {"type": "LogFloats", "path": ["training", "lr-SGD"], "values": [{"value": 0.001, "step": null, "ts": 1644690161.8121438}]}, "version": 41}
{"obj": {"type": "LogFloats", "path": ["monitoring", "cpu"], "values": [{"value": 50.4, "step": null, "ts": 1644690169.4047086}]}, "version": 42}
{"obj": {"type": "LogFloats", "path": ["monitoring", "memory"], "values": [{"value": 7.746788024902344, "step": null, "ts": 1644690169.4047086}]}, "version": 43}
{"obj": {"type": "LogFloats", "path": ["training", "loss_classifier"], "values": [{"value": 0.19080029428005219, "step": null, "ts": 1644690169.5328522}]}, "version": 44}
{"obj": {"type": "LogFloats", "path": ["training", "loss_box_reg"], "values": [{"value": 0.014108886942267418, "step": null, "ts": 1644690169.5330098}]}, "version": 45}
{"obj": {"type": "LogFloats", "path": ["training", "loss_objectness"], "values": [{"value": 0.684654712677002, "step": null, "ts": 1644690169.5331411}]}, "version": 46}
{"obj": {"type": "LogFloats", "path": ["training", "loss_rpn_box_reg"], "values": [{"value": 0.04083322733640671, "step": null, "ts": 1644690169.5332313}]}, "version": 47}
{"obj": {"type": "LogFloats", "path": ["training", "epoch"], "values": [{"value": 0.0, "step": null, "ts": 1644690169.533311}]}, "version": 48}
{"obj": {"type": "LogFloats", "path": ["training", "lr-SGD"], "values": [{"value": 0.001, "step": null, "ts": 1644690169.5779235}]}, "version": 49}
{"obj": {"type": "LogFloats", "path": ["training", "loss_classifier"], "values": [{"value": 0.18761973083019257, "step": null, "ts": 1644690175.838641}]}, "version": 50}
{"obj": {"type": "LogFloats", "path": ["training", "loss_box_reg"], "values": [{"value": 0.03717268630862236, "step": null, "ts": 1644690175.8387964}]}, "version": 51}
{"obj": {"type": "LogFloats", "path": ["training", "loss_objectness"], "values": [{"value": 0.6752544641494751, "step": null, "ts": 1644690175.8389015}]}, "version": 52}
{"obj": {"type": "LogFloats", "path": ["training", "loss_rpn_box_reg"], "values": [{"value": 0.04248129948973656, "step": null, "ts": 1644690175.838985}]}, "version": 53}
{"obj": {"type": "LogFloats", "path": ["training", "epoch"], "values": [{"value": 0.0, "step": null, "ts": 1644690175.8390644}]}, "version": 54}
{"obj": {"type": "LogFloats", "path": ["training", "lr-SGD"], "values": [{"value": 0.001, "step": null, "ts": 1644690175.8396494}]}, "version": 55}
{"obj": {"type": "LogFloats", "path": ["monitoring", "cpu"], "values": [{"value": 32.8, "step": null, "ts": 1644690179.4056945}]}, "version": 56}
{"obj": {"type": "LogFloats", "path": ["monitoring", "memory"], "values": [{"value": 8.041400909423828, "step": null, "ts": 1644690179.4056945}]}, "version": 57}
{"obj": {"type": "LogFloats", "path": ["training", "loss_classifier"], "values": [{"value": 0.19887079298496246, "step": null, "ts": 1644690183.33491}]}, "version": 58}
{"obj": {"type": "LogFloats", "path": ["training", "loss_box_reg"], "values": [{"value": 0.04660332202911377, "step": null, "ts": 1644690183.3350825}]}, "version": 59}
{"obj": {"type": "LogFloats", "path": ["training", "loss_objectness"], "values": [{"value": 0.6759210228919983, "step": null, "ts": 1644690183.3351676}]}, "version": 60}
{"obj": {"type": "LogFloats", "path": ["training", "loss_rpn_box_reg"], "values": [{"value": 0.046577662229537964, "step": null, "ts": 1644690183.3352451}]}, "version": 61}
{"obj": {"type": "LogFloats", "path": ["training", "epoch"], "values": [{"value": 0.0, "step": null, "ts": 1644690183.3353193}]}, "version": 62}
{"obj": {"type": "LogFloats", "path": ["training", "Validation_mAP"], "values": [{"value": 9.018759018759019e-05, "step": null, "ts": 1644690187.0031476}]}, "version": 63}
{"obj": {"type": "LogFloats", "path": ["training", "Validation_AP_1"], "values": [{"value": 9.018759018759019e-05, "step": null, "ts": 1644690187.0033112}]}, "version": 64}
{"obj": {"type": "LogFloats", "path": ["training", "epoch"], "values": [{"value": 0.0, "step": null, "ts": 1644690187.0034466}]}, "version": 65}
{"obj": {"type": "UploadFile", "path": ["training", "model", "checkpoints", "epoch=0-step=5"], "ext": "ckpt", "file_path": "/mnt/raid1/Python_projects/Zafrens_Image/.neptune/tester/ZAF-8/checkpoints/epoch=0-step=5.ckpt"}, "version": 66}
{"obj": {"type": "AssignString", "path": ["training", "model", "best_model_path"], "value": "/mnt/raid1/Python_projects/Zafrens_Image/.neptune/tester/ZAF-8/checkpoints/epoch=0-step=5.ckpt"}, "version": 67}
{"obj": {"type": "UploadFile", "path": ["training", "model", "checkpoints", "epoch=0-step=5"], "ext": "ckpt", "file_path": "/mnt/raid1/Python_projects/Zafrens_Image/.neptune/tester/ZAF-8/checkpoints/epoch=0-step=5.ckpt"}, "version": 68}
{"obj": {"type": "AssignFloat", "path": ["training", "model", "best_model_score"], "value": 9.018759018759019e-05}, "version": 69}
{"obj": {"type": "LogFloats", "path": ["training", "lr-SGD"], "values": [{"value": 0.001, "step": null, "ts": 1644690187.7846572}]}, "version": 70}
{"obj": {"type": "LogFloats", "path": ["monitoring", "cpu"], "values": [{"value": 45.1, "step": null, "ts": 1644690189.4065056}]}, "version": 71}
{"obj": {"type": "LogFloats", "path": ["monitoring", "memory"], "values": [{"value": 7.847179412841797, "step": null, "ts": 1644690189.4065056}]}, "version": 72}
{"obj": {"type": "LogFloats", "path": ["monitoring", "cpu"], "values": [{"value": 2.0, "step": null, "ts": 1644690199.4093359}]}, "version": 73}
{"obj": {"type": "LogFloats", "path": ["monitoring", "memory"], "values": [{"value": 7.664764404296875, "step": null, "ts": 1644690199.4093359}]}, "version": 74}
{"obj": {"type": "LogFloats", "path": ["monitoring", "cpu"], "values": [{"value": 2.1, "step": null, "ts": 1644690209.4103594}]}, "version": 75}
{"obj": {"type": "LogFloats", "path": ["monitoring", "memory"], "values": [{"value": 7.645519256591797, "step": null, "ts": 1644690209.4103594}]}, "version": 76}
{"obj": {"type": "LogFloats", "path": ["monitoring", "cpu"], "values": [{"value": 2.8, "step": null, "ts": 1644690219.4119978}]}, "version": 77}
{"obj": {"type": "LogFloats", "path": ["monitoring", "memory"], "values": [{"value": 7.644287109375, "step": null, "ts": 1644690219.4119978}]}, "version": 78}
{"obj": {"type": "LogStrings", "path": ["monitoring", "stdout"], "values": [{"value": "Shutting down background jobs, please wait a moment...\n", "step": null, "ts": 1644690226.1994483}]}, "version": 79}
