{"obj": {"type": "AssignString", "path": ["sys", "name"], "value": "Untitled"}, "version": 1}
{"obj": {"type": "AssignString", "path": ["sys", "description"], "value": ""}, "version": 2}
{"obj": {"type": "AssignString", "path": ["sys", "hostname"], "value": "linux-cell2"}, "version": 3}
{"obj": {"type": "AssignBool", "path": ["sys", "failed"], "value": false}, "version": 4}
{"obj": {"type": "ClearStringLog", "path": ["monitoring", "stdout"]}, "version": 5}
{"obj": {"type": "ClearStringLog", "path": ["monitoring", "stderr"]}, "version": 6}
{"obj": {"type": "LogStrings", "path": ["monitoring", "stderr"], "values": [{"value": "Info (NVML): NVML Shared Library Not Found. GPU usage metrics may not be reported. For more information, see https://docs.neptune.ai/you-should-know/what-can-you-log-and-display#hardware-consumption\n", "step": null, "ts": 1644687926.3714256}]}, "version": 7}
{"obj": {"type": "ConfigFloatSeries", "path": ["monitoring", "cpu"], "min": 0.0, "max": 100.0, "unit": "%"}, "version": 8}
{"obj": {"type": "ClearFloatLog", "path": ["monitoring", "cpu"]}, "version": 9}
{"obj": {"type": "ConfigFloatSeries", "path": ["monitoring", "memory"], "min": 0.0, "max": 31.261714935302734, "unit": "GB"}, "version": 10}
{"obj": {"type": "ClearFloatLog", "path": ["monitoring", "memory"]}, "version": 11}
{"obj": {"type": "LogStrings", "path": ["monitoring", "stdout"], "values": [{"value": "", "step": null, "ts": 1644687926.3766096}]}, "version": 12}
{"obj": {"type": "LogFloats", "path": ["monitoring", "cpu"], "values": [{"value": 5.2, "step": null, "ts": 1644687926.3733008}]}, "version": 13}
{"obj": {"type": "LogStrings", "path": ["monitoring", "stdout"], "values": [{"value": "Remember to stop your run once you\u2019ve finished logging your metadata (https://docs.neptune.ai/api-reference/run#.stop). It will be stopped automatically only when the notebook kernel/interactive console is terminated.\n", "step": null, "ts": 1644687926.3778496}]}, "version": 14}
{"obj": {"type": "LogFloats", "path": ["monitoring", "memory"], "values": [{"value": 5.222129821777344, "step": null, "ts": 1644687926.3733008}]}, "version": 15}
{"obj": {"type": "LogFloats", "path": ["monitoring", "cpu"], "values": [{"value": 1.6, "step": null, "ts": 1644687936.378692}]}, "version": 16}
{"obj": {"type": "LogFloats", "path": ["monitoring", "memory"], "values": [{"value": 5.231456756591797, "step": null, "ts": 1644687936.378692}]}, "version": 17}
{"obj": {"type": "LogFloats", "path": ["monitoring", "cpu"], "values": [{"value": 2.1, "step": null, "ts": 1644687946.3802888}]}, "version": 18}
{"obj": {"type": "LogFloats", "path": ["monitoring", "memory"], "values": [{"value": 5.232154846191406, "step": null, "ts": 1644687946.3802888}]}, "version": 19}
{"obj": {"type": "LogFloats", "path": ["monitoring", "cpu"], "values": [{"value": 1.7, "step": null, "ts": 1644687956.3818767}]}, "version": 20}
{"obj": {"type": "LogFloats", "path": ["monitoring", "memory"], "values": [{"value": 5.231082916259766, "step": null, "ts": 1644687956.3818767}]}, "version": 21}
{"obj": {"type": "LogFloats", "path": ["monitoring", "cpu"], "values": [{"value": 2.7, "step": null, "ts": 1644687966.3832374}]}, "version": 22}
{"obj": {"type": "LogFloats", "path": ["monitoring", "memory"], "values": [{"value": 5.228000640869141, "step": null, "ts": 1644687966.3832374}]}, "version": 23}
{"obj": {"type": "LogFloats", "path": ["monitoring", "cpu"], "values": [{"value": 3.9, "step": null, "ts": 1644687976.3841374}]}, "version": 24}
{"obj": {"type": "LogFloats", "path": ["monitoring", "memory"], "values": [{"value": 5.216777801513672, "step": null, "ts": 1644687976.3841374}]}, "version": 25}
{"obj": {"type": "LogFloats", "path": ["monitoring", "cpu"], "values": [{"value": 3.9, "step": null, "ts": 1644687986.385008}]}, "version": 26}
{"obj": {"type": "LogFloats", "path": ["monitoring", "memory"], "values": [{"value": 5.215461730957031, "step": null, "ts": 1644687986.385008}]}, "version": 27}
{"obj": {"type": "LogFloats", "path": ["monitoring", "cpu"], "values": [{"value": 4.6, "step": null, "ts": 1644687996.3861554}]}, "version": 28}
{"obj": {"type": "LogFloats", "path": ["monitoring", "memory"], "values": [{"value": 5.2172393798828125, "step": null, "ts": 1644687996.3861554}]}, "version": 29}
{"obj": {"type": "LogStrings", "path": ["monitoring", "stdout"], "values": [{"value": "Shutting down background jobs, please wait a moment...\n", "step": null, "ts": 1644688001.9230108}]}, "version": 30}
